Determining if the pthread_create exist failed with the following output:
Change Dir: /apollo/catkin_ws/build/CMakeFiles/CMakeTmp

Run Build Command:/usr/bin/make "cmTryCompileExec144210452/fast"
/usr/bin/make -f CMakeFiles/cmTryCompileExec144210452.dir/build.make CMakeFiles/cmTryCompileExec144210452.dir/build
make[1]: Entering directory `/apollo/catkin_ws/build/CMakeFiles/CMakeTmp'
/usr/bin/cmake -E cmake_progress_report /apollo/catkin_ws/build/CMakeFiles/CMakeTmp/CMakeFiles 1
Building C object CMakeFiles/cmTryCompileExec144210452.dir/CheckSymbolExists.c.o
/usr/bin/cc    -o CMakeFiles/cmTryCompileExec144210452.dir/CheckSymbolExists.c.o   -c /apollo/catkin_ws/build/CMakeFiles/CMakeTmp/CheckSymbolExists.c
Linking C executable cmTryCompileExec144210452
/usr/bin/cmake -E cmake_link_script CMakeFiles/cmTryCompileExec144210452.dir/link.txt --verbose=1
/usr/bin/cc       CMakeFiles/cmTryCompileExec144210452.dir/CheckSymbolExists.c.o  -o cmTryCompileExec144210452 -rdynamic 
CMakeFiles/cmTryCompileExec144210452.dir/CheckSymbolExists.c.o: In function `main':
CheckSymbolExists.c:(.text+0x16): undefined reference to `pthread_create'
collect2: error: ld returned 1 exit status
make[1]: *** [cmTryCompileExec144210452] Error 1
make[1]: Leaving directory `/apollo/catkin_ws/build/CMakeFiles/CMakeTmp'
make: *** [cmTryCompileExec144210452/fast] Error 2

File /apollo/catkin_ws/build/CMakeFiles/CMakeTmp/CheckSymbolExists.c:
/* */
#include <pthread.h>

int main(int argc, char** argv)
{
  (void)argv;
#ifndef pthread_create
  return ((int*)(&pthread_create))[argc];
#else
  (void)argc;
  return 0;
#endif
}

Determining if the function pthread_create exists in the pthreads failed with the following output:
Change Dir: /apollo/catkin_ws/build/CMakeFiles/CMakeTmp

Run Build Command:/usr/bin/make "cmTryCompileExec1223409919/fast"
/usr/bin/make -f CMakeFiles/cmTryCompileExec1223409919.dir/build.make CMakeFiles/cmTryCompileExec1223409919.dir/build
make[1]: Entering directory `/apollo/catkin_ws/build/CMakeFiles/CMakeTmp'
/usr/bin/cmake -E cmake_progress_report /apollo/catkin_ws/build/CMakeFiles/CMakeTmp/CMakeFiles 1
Building C object CMakeFiles/cmTryCompileExec1223409919.dir/CheckFunctionExists.c.o
/usr/bin/cc   -DCHECK_FUNCTION_EXISTS=pthread_create   -o CMakeFiles/cmTryCompileExec1223409919.dir/CheckFunctionExists.c.o   -c /usr/share/cmake-2.8/Modules/CheckFunctionExists.c
Linking C executable cmTryCompileExec1223409919
/usr/bin/cmake -E cmake_link_script CMakeFiles/cmTryCompileExec1223409919.dir/link.txt --verbose=1
/usr/bin/cc   -DCHECK_FUNCTION_EXISTS=pthread_create    CMakeFiles/cmTryCompileExec1223409919.dir/CheckFunctionExists.c.o  -o cmTryCompileExec1223409919 -rdynamic -lpthreads 
/usr/bin/ld: cannot find -lpthreads
collect2: error: ld returned 1 exit status
make[1]: Leaving directory `/apollo/catkin_ws/build/CMakeFiles/CMakeTmp'
make[1]: *** [cmTryCompileExec1223409919] Error 1
make: *** [cmTryCompileExec1223409919/fast] Error 2


